<?xml version="1.0" encoding="UTF-8" ?>
<testsuite tests="15" failures="0" name="com.ecamping.CampingTest" time="12.208" errors="0" skipped="0">
  <properties>
[...]
</properties>
  <testcase classname="com.ecamping.CampingTest" name="NativeQueryCampingComMaiorInfo" time="0.108"/>
  <testcase classname="com.ecamping.CampingTest" name="JPQLretornaQuantidadeDeCampingsNumEstado" time="0.017"/>
  <testcase classname="com.ecamping.CampingTest" name="JPQLDeleteCamping" time="0.076"/>
  <testcase classname="com.ecamping.CampingTest" name="JPQLretornaCampingsComNumeroDeEnderecoEntre0e100" time="0.279"/>
  <testcase classname="com.ecamping.CampingTest" name="JPQLretornaAddressQueIniciamComR" time="0.026"/>
  <testcase classname="com.ecamping.CampingTest" name="CreateCamping" time="0.01"/>
  <testcase classname="com.ecamping.CampingTest" name="NQEnderecoPorCidade" time="0.009"/>
  <testcase classname="com.ecamping.CampingTest" name="NQEnderecoPorEstado" time="0.015"/>
  <testcase classname="com.ecamping.CampingTest" name="NQCampingSemReservas" time="0.051"/>
  <testcase classname="com.ecamping.CampingTest" name="NativeQueryCampingPorTelefone" time="0.004"/>
  <testcase classname="com.ecamping.CampingTest" name="NQCampingPorNome" time="0.01"/>
  <testcase classname="com.ecamping.CampingTest" name="NativeQueryRetornaNomeDeCamping" time="0.002"/>
  <testcase classname="com.ecamping.CampingTest" name="NQEnderecoPorID" time="0.007"/>
  <testcase classname="com.ecamping.CampingTest" name="JPQLallCampings" time="0.012"/>
  <testcase classname="com.ecamping.CampingTest" name="JQLupdateCamping" time="0.118"/>
</testsuite>